app/build/outputs/logs/manifest-merger-debug-report.txt
-- Merging decision tree log ---
manifest
ADDED from src\main\AndroidManifest.xml:2:1-213:12
	package
		ADDED from src\main\AndroidManifest.xml:3:5-47
		INJECTED from src\main\AndroidManifest.xml
		INJECTED from src\main\AndroidManifest.xml
	android:versionName
		INJECTED from src\main\AndroidManifest.xml
		INJECTED from src\main\AndroidManifest.xml
	xmlns:android
		ADDED from src\main\AndroidManifest.xml:2:11-69
	android:versionCode
		INJECTED from src\main\AndroidManifest.xml
		INJECTED from src\main\AndroidManifest.xml
uses-permission#android.permission.INTERNET
ADDED from src\main\AndroidManifest.xml:5:5-67
	android:name
		ADDED from src\main\AndroidManifest.xml:5:22-64
uses-permission#android.permission.WAKE_LOCK
ADDED from src\main\AndroidManifest.xml:6:5-68
	android:name
		ADDED from src\main\AndroidManifest.xml:6:22-65
uses-permission#android.permission.READ_EXTERNAL_STORAGE
ADDED from src\main\AndroidManifest.xml:7:5-80
	android:name
		ADDED from src\main\AndroidManifest.xml:7:22-77
uses-permission#android.permission.WRITE_EXTERNAL_STORAGE
ADDED from src\main\AndroidManifest.xml:8:5-81
	android:name
		ADDED from src\main\AndroidManifest.xml:8:22-78
uses-permission#android.permission.ACCESS_NETWORK_STATE
ADDED from src\main\AndroidManifest.xml:9:5-79
	android:name
		ADDED from src\main\AndroidManifest.xml:9:22-76
application
ADDED from src\main\AndroidManifest.xml:11:5-212:19
MERGED from [com.android.support:cardview-v7:23.1.1] AndroidManifest.xml:22:5-20
MERGED from [com.android.support:support-v4:23.1.1] AndroidManifest.xml:22:5-20
MERGED from [com.android.support:appcompat-v7:23.1.0] AndroidManifest.xml:22:5-20
MERGED from [com.android.support:support-v4:23.1.1] AndroidManifest.xml:22:5-20
MERGED from [com.android.support:support-v4:23.1.1] AndroidManifest.xml:22:5-20
MERGED from [com.android.support:support-v4:23.1.1] AndroidManifest.xml:22:5-20
MERGED from [com.android.support:design:23.0.1] AndroidManifest.xml:22:5-20
MERGED from [com.android.support:support-v4:23.1.1] AndroidManifest.xml:22:5-20
MERGED from [com.android.support:appcompat-v7:23.1.0] AndroidManifest.xml:22:5-20
MERGED from [com.android.support:support-v4:23.1.1] AndroidManifest.xml:22:5-20
MERGED from [de.hdodenhof:circleimageview:1.3.0] AndroidManifest.xml:9:5-20
MERGED from [com.android.support:support-v4:23.1.1] AndroidManifest.xml:22:5-20
MERGED from [com.github.johnpersano:supertoasts:1.3.4] AndroidManifest.xml:5:5-19
	android:label
		ADDED from src\main\AndroidManifest.xml:15:9-41
	android:allowBackup
		ADDED from src\main\AndroidManifest.xml:13:9-36
	android:icon
		ADDED from src\main\AndroidManifest.xml:14:9-43
	android:theme
		ADDED from src\main\AndroidManifest.xml:17:9-40
	android:logo
		ADDED from src\main\AndroidManifest.xml:16:9-43
	android:name
		ADDED from src\main\AndroidManifest.xml:12:9-75
activity#com.koolearn.android.kooreader.MainActivity
ADDED from src\main\AndroidManifest.xml:19:9-27:20
	android:label
		ADDED from src\main\AndroidManifest.xml:21:13-45
	android:theme
		ADDED from src\main\AndroidManifest.xml:22:13-56
	android:name
		ADDED from src\main\AndroidManifest.xml:20:13-71
intent-filter#android.intent.action.MAIN+android.intent.category.LAUNCHER
ADDED from src\main\AndroidManifest.xml:23:13-26:29
action#android.intent.action.MAIN
ADDED from src\main\AndroidManifest.xml:24:17-69
	android:name
		ADDED from src\main\AndroidManifest.xml:24:25-66
category#android.intent.category.LAUNCHER
ADDED from src\main\AndroidManifest.xml:25:17-77
	android:name
		ADDED from src\main\AndroidManifest.xml:25:27-74
activity#com.koolearn.android.kooreader.KooReader
ADDED from src\main\AndroidManifest.xml:29:9-142:20
	android:label
		ADDED from src\main\AndroidManifest.xml:33:13-45
	android:launchMode
		ADDED from src\main\AndroidManifest.xml:34:13-44
	android:configChanges
		ADDED from src\main\AndroidManifest.xml:31:13-74
	android:icon
		ADDED from src\main\AndroidManifest.xml:32:13-47
	android:name
		ADDED from src\main\AndroidManifest.xml:30:13-68
intent-filter#android.intent.category.DEFAULT+android.kooreader.action.VIEW
ADDED from src\main\AndroidManifest.xml:35:13-38:29
action#android.kooreader.action.VIEW
ADDED from src\main\AndroidManifest.xml:36:17-72
	android:name
		ADDED from src\main\AndroidManifest.xml:36:25-69
category#android.intent.category.DEFAULT
ADDED from src\main\AndroidManifest.xml:37:17-76
	android:name
		ADDED from src\main\AndroidManifest.xml:37:27-73
intent-filter#android.intent.action.VIEW+android.intent.category.DEFAULT
ADDED from src\main\AndroidManifest.xml:44:13-48:29
action#android.intent.action.VIEW
ADDED from src\main\AndroidManifest.xml:45:17-69
	android:name
		ADDED from src\main\AndroidManifest.xml:45:25-66
data
ADDED from src\main\AndroidManifest.xml:47:17-59
	android:scheme
		ADDED from src\main\AndroidManifest.xml:47:23-56
intent-filter#android.intent.category.DEFAULT+android.kooreader.action.PLUGIN
ADDED from src\main\AndroidManifest.xml:49:13-52:29
action#android.kooreader.action.PLUGIN
ADDED from src\main\AndroidManifest.xml:50:17-74
	android:name
		ADDED from src\main\AndroidManifest.xml:50:25-71
intent-filter#android.intent.action.VIEW+android.intent.category.BROWSABLE+android.intent.category.DEFAULT
ADDED from src\main\AndroidManifest.xml:102:13-126:29
category#android.intent.category.BROWSABLE
ADDED from src\main\AndroidManifest.xml:106:17-78
	android:name
		ADDED from src\main\AndroidManifest.xml:106:27-75
intent-filter#android.intent.action.SEARCH
ADDED from src\main\AndroidManifest.xml:128:13-130:29
action#android.intent.action.SEARCH
ADDED from src\main\AndroidManifest.xml:129:17-71
	android:name
		ADDED from src\main\AndroidManifest.xml:129:25-68
meta-data#android.app.searchable
ADDED from src\main\AndroidManifest.xml:131:13-133:54
	android:resource
		ADDED from src\main\AndroidManifest.xml:133:17-51
	android:name
		ADDED from src\main\AndroidManifest.xml:132:17-54
intent-filter#android.intent.category.DEFAULT+android.kooreader.action.CLOSE
ADDED from src\main\AndroidManifest.xml:134:13-137:29
action#android.kooreader.action.CLOSE
ADDED from src\main\AndroidManifest.xml:135:17-73
	android:name
		ADDED from src\main\AndroidManifest.xml:135:25-70
intent-filter#android.intent.category.DEFAULT+android.kooreader.action.PLUGIN_CRASH
ADDED from src\main\AndroidManifest.xml:138:13-141:29
action#android.kooreader.action.PLUGIN_CRASH
ADDED from src\main\AndroidManifest.xml:139:17-80
	android:name
		ADDED from src\main\AndroidManifest.xml:139:25-77
activity#com.koolearn.android.kooreader.book.BookDetailActivity
ADDED from src\main\AndroidManifest.xml:143:9-91
	android:name
		ADDED from src\main\AndroidManifest.xml:143:19-88
activity#com.koolearn.android.kooreader.TOCActivity
ADDED from src\main\AndroidManifest.xml:144:9-146:77
	android:configChanges
		ADDED from src\main\AndroidManifest.xml:146:13-74
	android:name
		ADDED from src\main\AndroidManifest.xml:145:13-70
activity#com.koolearn.android.kooreader.preferences.PreferenceActivity
ADDED from src\main\AndroidManifest.xml:147:9-160:20
	android:process
		ADDED from src\main\AndroidManifest.xml:150:13-43
	android:configChanges
		ADDED from src\main\AndroidManifest.xml:149:13-74
	android:name
		ADDED from src\main\AndroidManifest.xml:148:13-89
intent-filter#android.intent.category.DEFAULT+android.kooreader.action.PREFERENCES
ADDED from src\main\AndroidManifest.xml:156:13-159:29
action#android.kooreader.action.PREFERENCES
ADDED from src\main\AndroidManifest.xml:157:17-79
	android:name
		ADDED from src\main\AndroidManifest.xml:157:25-76
activity#com.koolearn.klibrary.ui.android.error.BugReportActivity
ADDED from src\main\AndroidManifest.xml:161:9-166:40
	android:process
		ADDED from src\main\AndroidManifest.xml:166:13-37
	android:label
		ADDED from src\main\AndroidManifest.xml:165:13-44
	android:exported
		ADDED from src\main\AndroidManifest.xml:164:13-37
	android:configChanges
		ADDED from src\main\AndroidManifest.xml:163:13-74
	android:name
		ADDED from src\main\AndroidManifest.xml:162:13-84
activity#com.koolearn.android.kooreader.library.LibraryActivity
ADDED from src\main\AndroidManifest.xml:167:9-176:20
	android:process
		ADDED from src\main\AndroidManifest.xml:171:13-39
	android:launchMode
		ADDED from src\main\AndroidManifest.xml:170:13-44
	android:configChanges
		ADDED from src\main\AndroidManifest.xml:169:13-74
	android:name
		ADDED from src\main\AndroidManifest.xml:168:13-82
intent-filter#android.intent.category.DEFAULT+android.kooreader.action.LIBRARY
ADDED from src\main\AndroidManifest.xml:172:13-175:29
action#android.kooreader.action.LIBRARY
ADDED from src\main\AndroidManifest.xml:173:17-75
	android:name
		ADDED from src\main\AndroidManifest.xml:173:25-72
activity#com.koolearn.android.kooreader.bookmark.EditBookmarkActivity
ADDED from src\main\AndroidManifest.xml:177:9-185:20
	android:configChanges
		ADDED from src\main\AndroidManifest.xml:179:13-74
	android:theme
		ADDED from src\main\AndroidManifest.xml:180:13-52
	android:name
		ADDED from src\main\AndroidManifest.xml:178:13-88
intent-filter#android.fbreader.action.EDIT_BOOKMARK+android.intent.category.DEFAULT
ADDED from src\main\AndroidManifest.xml:181:13-184:29
action#android.fbreader.action.EDIT_BOOKMARK
ADDED from src\main\AndroidManifest.xml:182:17-80
	android:name
		ADDED from src\main\AndroidManifest.xml:182:25-77
activity#com.koolearn.android.kooreader.bookmark.EditStyleActivity
ADDED from src\main\AndroidManifest.xml:186:9-194:20
	android:configChanges
		ADDED from src\main\AndroidManifest.xml:188:13-74
	android:theme
		ADDED from src\main\AndroidManifest.xml:189:13-52
	android:name
		ADDED from src\main\AndroidManifest.xml:187:13-85
intent-filter#android.fbreader.action.EDIT_STYLES+android.intent.category.DEFAULT
ADDED from src\main\AndroidManifest.xml:190:13-193:29
action#android.fbreader.action.EDIT_STYLES
ADDED from src\main\AndroidManifest.xml:191:17-78
	android:name
		ADDED from src\main\AndroidManifest.xml:191:25-75
service#com.koolearn.android.kooreader.libraryService.LibraryService
ADDED from src\main\AndroidManifest.xml:196:9-203:19
	android:process
		ADDED from src\main\AndroidManifest.xml:199:13-46
	android:launchMode
		ADDED from src\main\AndroidManifest.xml:198:13-44
	android:name
		ADDED from src\main\AndroidManifest.xml:197:13-88
intent-filter#android.kooreader.action.LIBRARY_SERVICE
ADDED from src\main\AndroidManifest.xml:200:13-202:29
action#android.kooreader.action.LIBRARY_SERVICE
ADDED from src\main\AndroidManifest.xml:201:17-83
	android:name
		ADDED from src\main\AndroidManifest.xml:201:25-80
service#com.koolearn.android.kooreader.config.ConfigService
ADDED from src\main\AndroidManifest.xml:204:9-211:19
	android:process
		ADDED from src\main\AndroidManifest.xml:207:13-45
	android:launchMode
		ADDED from src\main\AndroidManifest.xml:206:13-44
	android:name
		ADDED from src\main\AndroidManifest.xml:205:13-79
intent-filter#android.kooreader.action.CONFIG_SERVICE
ADDED from src\main\AndroidManifest.xml:208:13-210:29
action#android.kooreader.action.CONFIG_SERVICE
ADDED from src\main\AndroidManifest.xml:209:17-82
	android:name
		ADDED from src\main\AndroidManifest.xml:209:25-79
uses-sdk
INJECTED from src\main\AndroidManifest.xml reason: use-sdk injection requested
MERGED from [com.android.support:cardview-v7:23.1.1] AndroidManifest.xml:20:5-43
MERGED from [com.android.support:support-v4:23.1.1] AndroidManifest.xml:20:5-43
MERGED from [com.android.support:appcompat-v7:23.1.0] AndroidManifest.xml:20:5-43
MERGED from [com.android.support:support-v4:23.1.1] AndroidManifest.xml:20:5-43
MERGED from [com.android.support:recyclerview-v7:23.1.1] AndroidManifest.xml:20:5-43
MERGED from [com.android.support:support-v4:23.1.1] AndroidManifest.xml:20:5-43
MERGED from [com.commit451:PhotoView:1.2.4] AndroidManifest.xml:8:5-10:41
MERGED from [com.android.support:support-v4:23.1.1] AndroidManifest.xml:20:5-43
MERGED from [com.android.support:design:23.0.1] AndroidManifest.xml:20:5-43
MERGED from [com.android.support:support-v4:23.1.1] AndroidManifest.xml:20:5-43
MERGED from [com.android.support:appcompat-v7:23.1.0] AndroidManifest.xml:20:5-43
MERGED from [com.android.support:support-v4:23.1.1] AndroidManifest.xml:20:5-43
MERGED from [de.hdodenhof:circleimageview:1.3.0] AndroidManifest.xml:5:5-7:41
MERGED from [com.github.dmytrodanylyk.android-process-button:library:1.0.0] AndroidManifest.xml:2:5-73
MERGED from [com.android.support:support-v4:23.1.1] AndroidManifest.xml:20:5-43
MERGED from [com.github.johnpersano:supertoasts:1.3.4] AndroidManifest.xml:3:5-72
MERGED from [com.github.yukuku:ambilwarna:2.0.1] AndroidManifest.xml:8:5-10:41
	android:targetSdkVersion
		INJECTED from src\main\AndroidManifest.xml
		INJECTED from src\main\AndroidManifest.xml
	android:minSdkVersion
		INJECTED from src\main\AndroidManifest.xml
		INJECTED from src\main\AndroidManifest.xml